<?xml version="1.0" encoding="UTF-8"?>
<!-- Generated by org.testng.reporters.JUnitReportReporter -->
<testsuite skipped="0" hostname="A2ML37876" name="testCasesSuite.FIrstTestCase" tests="2" failures="0" timestamp="2023-08-09T10:46:49 IST" time="54.162" errors="0">
  <testcase name="HomePageValidation" time="20.035" classname="testCasesSuite.FIrstTestCase"/>
  <system-out/>
  <testcase name="Login1" time="34.127" classname="testCasesSuite.FIrstTestCase"/>
  <system-out/>
</testsuite> <!-- testCasesSuite.FIrstTestCase -->
