<?xml version="1.0" encoding="UTF-8"?>
<!-- Generated by org.testng.reporters.JUnitReportReporter -->
<testsuite skipped="0" hostname="A2ML37876" name="testCasesSuite.FIrstTestCase" tests="2" failures="0" timestamp="2023-08-08T14:21:56 IST" time="39.141" errors="0">
  <testcase name="Login" time="19.265" classname="testCasesSuite.FIrstTestCase"/>
  <system-out/>
  <testcase name="HomePageValidation" time="19.876" classname="testCasesSuite.FIrstTestCase"/>
  <system-out/>
</testsuite> <!-- testCasesSuite.FIrstTestCase -->
