<?xml version="1.0" encoding="UTF-8"?>
<!-- Generated by org.testng.reporters.JUnitReportReporter -->
<testsuite skipped="0" hostname="A2ML37876" name="testCasesSuite.SecondTestCase" tests="3" failures="0" timestamp="2023-08-03T18:18:00 IST" time="0.012" errors="0">
  <testcase name="setUp" time="0.004" classname="testCasesSuite.SecondTestCase"/>
  <system-out/>
  <testcase name="SearchCostomer" time="0.003" classname="testCasesSuite.SecondTestCase"/>
  <system-out/>
  <testcase name="addCustomer" time="0.005" classname="testCasesSuite.SecondTestCase"/>
  <system-out/>
</testsuite> <!-- testCasesSuite.SecondTestCase -->
